<?xml version="1.0" encoding="UTF-8"?>
<!-- Generated by org.testng.reporters.JUnitReportReporter -->
<testsuite hostname="DESKTOP-V30LTQ1" name="com.CRMTesting.qa.Testcases.LoginpageTest" tests="1" failures="0" timestamp="4 Aug 2020 16:27:36 GMT" time="32.577" errors="0">
  <testcase name="VerifyAddingNewContacts" time="32.577" classname="com.CRMTesting.qa.Testcases.LoginpageTest"/>
</testsuite> <!-- com.CRMTesting.qa.Testcases.LoginpageTest -->
